==172518== Memcheck, a memory error detector
==172518== Copyright (C) 2002-2017, and GNU GPL'd, by Julian Seward et al.
==172518== Using Valgrind-3.18.1 and LibVEX; rerun with -h for copyright info
==172518== Command: ./minishell
==172518== Parent PID: 156895
==172518== 
==172518== 
==172518== FILE DESCRIPTORS: 4 open (3 std) at exit.
==172518== Open file descriptor 3: /home/vda-conc/Documents/newrepush/log.log
==172518==    <inherited from parent>
==172518== 
==172518== 
==172518== HEAP SUMMARY:
==172518==     in use at exit: 208,249 bytes in 222 blocks
==172518==   total heap usage: 946 allocs, 724 frees, 503,355 bytes allocated
==172518== 
==172518== LEAK SUMMARY:
==172518==    definitely lost: 0 bytes in 0 blocks
==172518==    indirectly lost: 0 bytes in 0 blocks
==172518==      possibly lost: 0 bytes in 0 blocks
==172518==    still reachable: 0 bytes in 0 blocks
==172518==         suppressed: 208,249 bytes in 222 blocks
==172518== 
==172518== For lists of detected and suppressed errors, rerun with: -s
==172518== ERROR SUMMARY: 0 errors from 0 contexts (suppressed: 0 from 0)
